[debug] [2020-01-24T01:14:18.816Z] ----------------------------------------------------------------------
[debug] [2020-01-24T01:14:18.817Z] Command:       /usr/local/bin/node /usr/local/bin/firebase deploy
[debug] [2020-01-24T01:14:18.817Z] CLI Version:   7.12.1
[debug] [2020-01-24T01:14:18.817Z] Platform:      darwin
[debug] [2020-01-24T01:14:18.817Z] Node Version:  v12.13.1
[debug] [2020-01-24T01:14:18.847Z] Time:          Thu Jan 23 2020 17:14:18 GMT-0800 (Pacific Standard Time)
[debug] [2020-01-24T01:14:18.847Z] ----------------------------------------------------------------------
[debug] [2020-01-24T01:14:18.847Z] 
[debug] [2020-01-24T01:14:18.855Z] > command requires scopes: ["email","openid","https://www.googleapis.com/auth/cloudplatformprojects.readonly","https://www.googleapis.com/auth/firebase","https://www.googleapis.com/auth/cloud-platform"]
[debug] [2020-01-24T01:14:18.856Z] > authorizing via signed-in user
[debug] [2020-01-24T01:14:18.856Z] [iam] checking project christophkirkjones for permissions ["firebase.projects.get","firebasehosting.sites.update"]
[debug] [2020-01-24T01:14:18.856Z] > refreshing access token with scopes: ["email","https://www.googleapis.com/auth/cloud-platform","https://www.googleapis.com/auth/cloudplatformprojects.readonly","https://www.googleapis.com/auth/firebase","openid"]
[debug] [2020-01-24T01:14:18.857Z] >>> HTTP REQUEST POST https://www.googleapis.com/oauth2/v3/token  
 <request body omitted>
[debug] [2020-01-24T01:14:18.982Z] [iam] error while checking permissions, command may fail: FirebaseError: Authentication Error: Your credentials are no longer valid. Please run firebase login --reauth

For CI servers and headless environments, generate a new token with firebase login:ci
[debug] [2020-01-24T01:14:18.983Z] > refreshing access token with scopes: ["email","https://www.googleapis.com/auth/cloud-platform","https://www.googleapis.com/auth/cloudplatformprojects.readonly","https://www.googleapis.com/auth/firebase","openid"]
[debug] [2020-01-24T01:14:18.983Z] >>> HTTP REQUEST POST https://www.googleapis.com/oauth2/v3/token  
 <request body omitted>
[debug] [2020-01-24T01:14:19.058Z] Authentication Error: Your credentials are no longer valid. Please run firebase login --reauth

For CI servers and headless environments, generate a new token with firebase login:ci
[debug] [2020-01-24T01:14:19.152Z] FirebaseError: Authentication Error: Your credentials are no longer valid. Please run firebase login --reauth

For CI servers and headless environments, generate a new token with firebase login:ci
    at Object.<anonymous> (/usr/local/lib/node_modules/firebase-tools/lib/auth.js:23:32)
    at Module._compile (internal/modules/cjs/loader.js:959:30)
    at Object.Module._extensions..js (internal/modules/cjs/loader.js:995:10)
    at Module.load (internal/modules/cjs/loader.js:815:32)
    at Function.Module._load (internal/modules/cjs/loader.js:727:14)
    at Module.require (internal/modules/cjs/loader.js:852:19)
    at require (internal/modules/cjs/helpers.js:74:18)
    at Object.<anonymous> (/usr/local/lib/node_modules/firebase-tools/lib/commands/login.js:8:12)
    at Module._compile (internal/modules/cjs/loader.js:959:30)
    at Object.Module._extensions..js (internal/modules/cjs/loader.js:995:10)
    at Module.load (internal/modules/cjs/loader.js:815:32)
    at Function.Module._load (internal/modules/cjs/loader.js:727:14)
    at Module.require (internal/modules/cjs/loader.js:852:19)
    at require (internal/modules/cjs/helpers.js:74:18)
    at loadCommand (/usr/local/lib/node_modules/firebase-tools/lib/commands/index.js:5:19)
    at module.exports (/usr/local/lib/node_modules/firebase-tools/lib/commands/index.js:73:20)
[error] 
[error] Error: Failed to get Firebase project christophkirkjones. Please make sure the project exists and your account has permission to access it.
[debug] [2020-01-24T01:14:36.198Z] ----------------------------------------------------------------------
[debug] [2020-01-24T01:14:36.199Z] Command:       /usr/local/bin/node /usr/local/bin/firebase deploy
[debug] [2020-01-24T01:14:36.199Z] CLI Version:   7.12.1
[debug] [2020-01-24T01:14:36.199Z] Platform:      darwin
[debug] [2020-01-24T01:14:36.199Z] Node Version:  v12.13.1
[debug] [2020-01-24T01:14:36.199Z] Time:          Thu Jan 23 2020 17:14:36 GMT-0800 (Pacific Standard Time)
[debug] [2020-01-24T01:14:36.199Z] ----------------------------------------------------------------------
[debug] [2020-01-24T01:14:36.199Z] 
[debug] [2020-01-24T01:14:36.206Z] > command requires scopes: ["email","openid","https://www.googleapis.com/auth/cloudplatformprojects.readonly","https://www.googleapis.com/auth/firebase","https://www.googleapis.com/auth/cloud-platform"]
[debug] [2020-01-24T01:14:36.206Z] > authorizing via signed-in user
[debug] [2020-01-24T01:14:36.206Z] [iam] checking project christophkirkjones for permissions ["firebase.projects.get","firebasehosting.sites.update"]
[debug] [2020-01-24T01:14:36.207Z] > refreshing access token with scopes: ["email","https://www.googleapis.com/auth/cloud-platform","https://www.googleapis.com/auth/cloudplatformprojects.readonly","https://www.googleapis.com/auth/firebase","openid"]
[debug] [2020-01-24T01:14:36.207Z] >>> HTTP REQUEST POST https://www.googleapis.com/oauth2/v3/token  
 <request body omitted>
[debug] [2020-01-24T01:14:36.310Z] [iam] error while checking permissions, command may fail: FirebaseError: Authentication Error: Your credentials are no longer valid. Please run firebase login --reauth

For CI servers and headless environments, generate a new token with firebase login:ci
[debug] [2020-01-24T01:14:36.311Z] > refreshing access token with scopes: ["email","https://www.googleapis.com/auth/cloud-platform","https://www.googleapis.com/auth/cloudplatformprojects.readonly","https://www.googleapis.com/auth/firebase","openid"]
[debug] [2020-01-24T01:14:36.311Z] >>> HTTP REQUEST POST https://www.googleapis.com/oauth2/v3/token  
 <request body omitted>
[debug] [2020-01-24T01:14:36.369Z] Authentication Error: Your credentials are no longer valid. Please run firebase login --reauth

For CI servers and headless environments, generate a new token with firebase login:ci
[debug] [2020-01-24T01:14:36.461Z] FirebaseError: Authentication Error: Your credentials are no longer valid. Please run firebase login --reauth

For CI servers and headless environments, generate a new token with firebase login:ci
    at Object.<anonymous> (/usr/local/lib/node_modules/firebase-tools/lib/auth.js:23:32)
    at Module._compile (internal/modules/cjs/loader.js:959:30)
    at Object.Module._extensions..js (internal/modules/cjs/loader.js:995:10)
    at Module.load (internal/modules/cjs/loader.js:815:32)
    at Function.Module._load (internal/modules/cjs/loader.js:727:14)
    at Module.require (internal/modules/cjs/loader.js:852:19)
    at require (internal/modules/cjs/helpers.js:74:18)
    at Object.<anonymous> (/usr/local/lib/node_modules/firebase-tools/lib/commands/login.js:8:12)
    at Module._compile (internal/modules/cjs/loader.js:959:30)
    at Object.Module._extensions..js (internal/modules/cjs/loader.js:995:10)
    at Module.load (internal/modules/cjs/loader.js:815:32)
    at Function.Module._load (internal/modules/cjs/loader.js:727:14)
    at Module.require (internal/modules/cjs/loader.js:852:19)
    at require (internal/modules/cjs/helpers.js:74:18)
    at loadCommand (/usr/local/lib/node_modules/firebase-tools/lib/commands/index.js:5:19)
    at module.exports (/usr/local/lib/node_modules/firebase-tools/lib/commands/index.js:73:20)
[error] 
[error] Error: Failed to get Firebase project christophkirkjones. Please make sure the project exists and your account has permission to access it.
